[ 2016-03-02T14:13:22+08:00 ] 127.0.0.1 /index.php?g=Portal&m=AdminPost&a=index&menuid=7
NOTIC: D方法实例化没找到模型类Portal\Model\PostsModel

[ 2016-03-02T14:13:24+08:00 ] 127.0.0.1 /index.php?g=&m=AdminPost&a=add&term=
NOTIC: D方法实例化没找到模型类Portal\Model\PostsModel

[ 2016-03-02T14:18:31+08:00 ] 127.0.0.1 /index.php?g=&m=AdminPost&a=add&term=
NOTIC: D方法实例化没找到模型类Portal\Model\PostsModel

[ 2016-03-02T14:18:42+08:00 ] 127.0.0.1 /index.php?g=&m=AdminPost&a=index
NOTIC: D方法实例化没找到模型类Portal\Model\PostsModel

[ 2016-03-02T14:19:24+08:00 ] 127.0.0.1 /index.php?g=Portal&m=AdminPost&a=index&menuid=7
NOTIC: D方法实例化没找到模型类Portal\Model\PostsModel

[ 2016-03-02T14:20:09+08:00 ] 127.0.0.1 /index.php?g=Portal&m=AdminPost&a=index&menuid=7
NOTIC: D方法实例化没找到模型类Portal\Model\PostsModel

[ 2016-03-02T14:20:13+08:00 ] 127.0.0.1 /index.php?g=&m=AdminPost&a=add&term=
NOTIC: D方法实例化没找到模型类Portal\Model\PostsModel

[ 2016-03-02T14:25:42+08:00 ] 127.0.0.1 /index.php?g=&m=AdminPost&a=add_post
INFO: [ app_begin ] --START--
INFO: Run Behavior\ReadHtmlCacheBehavior [ RunTime:0.001001s ]
INFO: Run Behavior\CheckLangBehavior [ RunTime:0.001000s ]
INFO: [ app_begin ] --END-- [ RunTime:0.002001s ]
SQL: SHOW COLUMNS FROM `xy_users` [ RunTime:0.0010s ]
SQL: SELECT * FROM `xy_users` WHERE ( id=1 ) LIMIT 1   [ RunTime:0.0000s ]
NOTIC: D方法实例化没找到模型类Portal\Model\PostsModel
SQL: SHOW COLUMNS FROM `xy_posts` [ RunTime:0.0010s ]
SQL: SHOW COLUMNS FROM `xy_terms` [ RunTime:0.0010s ]
SQL: SHOW COLUMNS FROM `xy_term_relationships` [ RunTime:0.0010s ]
SQL: INSERT INTO `xy_posts` (`post_title`,`post_keywords`,`post_source`,`post_excerpt`,`post_modified`,`post_status`,`istop`,`recommended`,`post_content`,`post_date`,`post_author`,`smeta`) VALUES ('test','test','test','test','2016-03-02 14:20:13','1','0','0','<p>test</p>','2016-03-02 14:25:42','1','{\"thumb\":\"20160302\\/56d6875f8b506.jpg\"}') [ RunTime:0.0000s ]
SQL: INSERT INTO `xy_term_relationships` (`term_id`,`object_id`) VALUES ('1','1') [ RunTime:0.0000s ]

[ 2016-03-02T14:25:44+08:00 ] 127.0.0.1 /index.php?g=&m=AdminPost&a=index
NOTIC: D方法实例化没找到模型类Portal\Model\PostsModel

[ 2016-03-02T14:30:32+08:00 ] 127.0.0.1 /index.php?g=Portal&m=AdminPost&a=index&menuid=7
NOTIC: D方法实例化没找到模型类Portal\Model\PostsModel

[ 2016-03-02T14:30:34+08:00 ] 127.0.0.1 /index.php?g=&m=AdminPost&a=add&term=
NOTIC: D方法实例化没找到模型类Portal\Model\PostsModel

[ 2016-03-02T14:39:15+08:00 ] 127.0.0.1 /index.php?g=Portal&m=AdminPage&a=index&menuid=25
NOTIC: D方法实例化没找到模型类Common\Model\PostsModel

[ 2016-03-02T14:39:44+08:00 ] 127.0.0.1 /index.php?g=Portal&m=AdminPost&a=index&menuid=7
NOTIC: D方法实例化没找到模型类Portal\Model\PostsModel

[ 2016-03-02T14:39:45+08:00 ] 127.0.0.1 /index.php?g=&m=AdminPost&a=add&term=
NOTIC: D方法实例化没找到模型类Portal\Model\PostsModel

[ 2016-03-02T16:02:39+08:00 ] 127.0.0.1 /index.php?g=Portal&m=AdminPost&a=index&menuid=7
NOTIC: D方法实例化没找到模型类Portal\Model\PostsModel

[ 2016-03-02T16:03:03+08:00 ] 127.0.0.1 /index.php?g=&m=AdminTerm&a=add_post
INFO: [ app_begin ] --START--
INFO: Run Behavior\ReadHtmlCacheBehavior [ RunTime:0.000000s ]
INFO: Run Behavior\CheckLangBehavior [ RunTime:0.001000s ]
INFO: [ app_begin ] --END-- [ RunTime:0.002001s ]
SQL: SHOW COLUMNS FROM `xy_users` [ RunTime:0.0030s ]
SQL: SELECT * FROM `xy_users` WHERE ( id=1 ) LIMIT 1   [ RunTime:0.0010s ]
SQL: SHOW COLUMNS FROM `xy_terms` [ RunTime:0.0010s ]
NOTIC: [8] Undefined index: validate D:\app\xinyurui\simplewind\Core\Library\Think\Model.class.php 第 1185 行.
INFO: [ app_end ] --START--
INFO: Run Behavior\ShowPageTraceBehavior [ RunTime:0.001000s ]
INFO: [ app_end ] --END-- [ RunTime:0.001000s ]

[ 2016-03-02T16:04:05+08:00 ] 127.0.0.1 /index.php?g=&m=AdminTerm&a=add_post
INFO: [ app_begin ] --START--
INFO: Run Behavior\ReadHtmlCacheBehavior [ RunTime:0.002000s ]
INFO: Run Behavior\CheckLangBehavior [ RunTime:0.002000s ]
INFO: [ app_begin ] --END-- [ RunTime:0.004000s ]
SQL: SHOW COLUMNS FROM `xy_users` [ RunTime:0.0010s ]
SQL: SELECT * FROM `xy_users` WHERE ( id=1 ) LIMIT 1   [ RunTime:0.0010s ]
SQL: SHOW COLUMNS FROM `xy_terms` [ RunTime:0.0010s ]
NOTIC: [8] Undefined index: validate D:\app\xinyurui\simplewind\Core\Library\Think\Model.class.php 第 1185 行.
NOTIC: [8] Undefined index: auto D:\app\xinyurui\simplewind\Core\Library\Think\Model.class.php 第 1128 行.
INFO: [ app_end ] --START--
INFO: Run Behavior\ShowPageTraceBehavior [ RunTime:0.001001s ]
INFO: [ app_end ] --END-- [ RunTime:0.001001s ]

[ 2016-03-02T16:15:57+08:00 ] 127.0.0.1 /index.php?g=&m=AdminTerm&a=add_post
INFO: [ app_begin ] --START--
INFO: Run Behavior\ReadHtmlCacheBehavior [ RunTime:0.001000s ]
INFO: Run Behavior\CheckLangBehavior [ RunTime:0.001000s ]
INFO: [ app_begin ] --END-- [ RunTime:0.002000s ]
SQL: SHOW COLUMNS FROM `xy_users` [ RunTime:0.0020s ]
SQL: SELECT * FROM `xy_users` WHERE ( id=1 ) LIMIT 1   [ RunTime:0.0000s ]
SQL: SHOW COLUMNS FROM `xy_terms` [ RunTime:0.0010s ]
SQL: INSERT INTO `xy_terms` (`smeta`) VALUES ('{\"thumb\":\"20160302\\/56d6a131db69f.jpg\"}') [ RunTime:0.0000s ]
NOTIC: [8] Undefined index: parent D:\app\xinyurui\application\Portal\Model\TermsModel.class.php 第 19 行.
SQL: UPDATE `xy_terms` SET `path`='0-3' WHERE ( term_id=3 ) [ RunTime:0.0000s ]

[ 2016-03-02T16:18:22+08:00 ] 127.0.0.1 /index.php?g=&m=AdminTerm&a=add_post
INFO: [ app_begin ] --START--
INFO: Run Behavior\ReadHtmlCacheBehavior [ RunTime:0.001001s ]
INFO: Run Behavior\CheckLangBehavior [ RunTime:0.001000s ]
INFO: [ app_begin ] --END-- [ RunTime:0.002001s ]
SQL: SHOW COLUMNS FROM `xy_users` [ RunTime:0.0040s ]
SQL: SELECT * FROM `xy_users` WHERE ( id=1 ) LIMIT 1   [ RunTime:0.0000s ]
SQL: SHOW COLUMNS FROM `xy_terms` [ RunTime:0.0030s ]
NOTIC: [8] Undefined index: validate D:\app\xinyurui\simplewind\Core\Library\Think\Model.class.php 第 1185 行.
NOTIC: [8] Undefined index: auto D:\app\xinyurui\simplewind\Core\Library\Think\Model.class.php 第 1128 行.
SQL: INSERT INTO `xy_terms` (`parent`,`name`,`description`,`taxonomy`,`smeta`,`seo_title`,`seo_keywords`,`seo_description`,`list_tpl`,`one_tpl`) VALUES ('0','碳酸饮料','碳酸饮料','article','{\"thumb\":\"20160302\\/56d6a1cc1abe3.jpg\"}','','','','list','article') [ RunTime:0.0000s ]
SQL: UPDATE `xy_terms` SET `path`='0-4' WHERE ( term_id=4 ) [ RunTime:0.0000s ]

[ 2016-03-02T16:25:27+08:00 ] 127.0.0.1 /index.php?g=Portal&m=AdminPage&a=index&menuid=25
NOTIC: D方法实例化没找到模型类Common\Model\PostsModel

[ 2016-03-02T17:14:16+08:00 ] 127.0.0.1 /index.php?g=&m=AdminTerm&a=delete&id=1
INFO: [ app_begin ] --START--
INFO: Run Behavior\ReadHtmlCacheBehavior [ RunTime:0.001000s ]
INFO: Run Behavior\CheckLangBehavior [ RunTime:0.001000s ]
INFO: [ app_begin ] --END-- [ RunTime:0.002000s ]
SQL: SHOW COLUMNS FROM `xy_users` [ RunTime:0.0020s ]
SQL: SELECT * FROM `xy_users` WHERE ( id=1 ) LIMIT 1   [ RunTime:0.0010s ]
SQL: SHOW COLUMNS FROM `xy_terms` [ RunTime:0.0020s ]
SQL: SELECT COUNT(*) AS tp_count FROM `xy_terms` WHERE `parent` = 1 LIMIT 1   [ RunTime:0.0010s ]
SQL: DELETE FROM `xy_terms` WHERE `term_id` = 1 [ RunTime:0.0000s ]

[ 2016-03-02T17:14:19+08:00 ] 127.0.0.1 /index.php?g=&m=AdminTerm&a=delete&id=2
INFO: [ app_begin ] --START--
INFO: Run Behavior\ReadHtmlCacheBehavior [ RunTime:0.001000s ]
INFO: Run Behavior\CheckLangBehavior [ RunTime:0.002000s ]
INFO: [ app_begin ] --END-- [ RunTime:0.003000s ]
SQL: SHOW COLUMNS FROM `xy_users` [ RunTime:0.0020s ]
SQL: SELECT * FROM `xy_users` WHERE ( id=1 ) LIMIT 1   [ RunTime:0.0000s ]
SQL: SHOW COLUMNS FROM `xy_terms` [ RunTime:0.0020s ]
SQL: SELECT COUNT(*) AS tp_count FROM `xy_terms` WHERE `parent` = 2 LIMIT 1   [ RunTime:0.0000s ]
SQL: DELETE FROM `xy_terms` WHERE `term_id` = 2 [ RunTime:0.0000s ]

[ 2016-03-02T17:14:28+08:00 ] 127.0.0.1 /index.php?g=Portal&m=AdminPost&a=index&menuid=7
NOTIC: D方法实例化没找到模型类Portal\Model\PostsModel

