[ 2016-03-03T03:45:29+08:00 ] 211.161.245.136 /index.php?g=Admin&m=public&a=dologin
INFO: [ app_begin ] --START--
INFO: Run Behavior\ReadHtmlCacheBehavior [ RunTime:0.000717s ]
INFO: Run Behavior\CheckLangBehavior [ RunTime:0.001108s ]
INFO: [ app_begin ] --END-- [ RunTime:0.002211s ]
SQL: SHOW COLUMNS FROM `xy_users` [ RunTime:0.0014s ]
SQL: SELECT * FROM `xy_users` WHERE `user_login` = 'admin' LIMIT 1   [ RunTime:0.0006s ]
SQL: SHOW COLUMNS FROM `xy_role_user` [ RunTime:0.0008s ]
SQL: SELECT `role_id` FROM xy_role_user a INNER JOIN xy_role as b on a.role_id =b.id  WHERE `user_id` = '1' AND `status` = 1  [ RunTime:0.0006s ]
SQL: UPDATE `xy_users` SET `user_login`='admin',`user_pass`='###74bf77b9cff885839a35ce3a641ad911',`user_nicename`='admin',`user_email`='phprince@163.com',`user_url`='',`avatar`=NULL,`sex`='0',`birthday`=NULL,`signature`=NULL,`last_login_ip`='211.161.245.136',`last_login_time`='2016-03-03 03:45:29',`create_time`='2016-03-02 02:11:19',`user_activation_key`='',`user_status`='1',`score`='0',`user_type`='1',`coin`='0',`mobile`='' WHERE `id` = '1' [ RunTime:0.0005s ]

[ 2016-03-03T08:48:46+08:00 ] 211.161.245.136 /index.php?g=Admin&m=public&a=dologin
INFO: [ app_begin ] --START--
INFO: Run Behavior\ReadHtmlCacheBehavior [ RunTime:0.000559s ]
INFO: Run Behavior\CheckLangBehavior [ RunTime:0.001008s ]
INFO: [ app_begin ] --END-- [ RunTime:0.001949s ]
SQL: SHOW COLUMNS FROM `xy_users` [ RunTime:0.0014s ]
SQL: SELECT * FROM `xy_users` WHERE `user_login` = 'admin' LIMIT 1   [ RunTime:0.0008s ]
SQL: SHOW COLUMNS FROM `xy_role_user` [ RunTime:0.0008s ]
SQL: SELECT `role_id` FROM xy_role_user a INNER JOIN xy_role as b on a.role_id =b.id  WHERE `user_id` = '1' AND `status` = 1  [ RunTime:0.0006s ]
SQL: UPDATE `xy_users` SET `user_login`='admin',`user_pass`='###74bf77b9cff885839a35ce3a641ad911',`user_nicename`='admin',`user_email`='phprince@163.com',`user_url`='',`avatar`=NULL,`sex`='0',`birthday`=NULL,`signature`=NULL,`last_login_ip`='211.161.245.136',`last_login_time`='2016-03-03 08:48:46',`create_time`='2016-03-02 02:11:19',`user_activation_key`='',`user_status`='1',`score`='0',`user_type`='1',`coin`='0',`mobile`='' WHERE `id` = '1' [ RunTime:0.0006s ]

[ 2016-03-03T08:50:28+08:00 ] 211.161.245.136 /index.php?g=Admin&m=Price&a=add_post
INFO: [ app_begin ] --START--
INFO: Run Behavior\ReadHtmlCacheBehavior [ RunTime:0.000607s ]
INFO: Run Behavior\CheckLangBehavior [ RunTime:0.001108s ]
INFO: [ app_begin ] --END-- [ RunTime:0.002117s ]
SQL: SHOW COLUMNS FROM `xy_users` [ RunTime:0.0012s ]
SQL: SELECT * FROM `xy_users` WHERE ( id=1 ) LIMIT 1   [ RunTime:0.0004s ]
SQL: SHOW COLUMNS FROM `xy_prize` [ RunTime:0.0006s ]
SQL: SHOW COLUMNS FROM `xy_url` [ RunTime:0.0007s ]
NOTIC: [8] Undefined index: validate /data/home/qxu1146580081/htdocs/simplewind/Core/Library/Think/Model.class.php 第 1185 行.
NOTIC: [8] Undefined index: auto /data/home/qxu1146580081/htdocs/simplewind/Core/Library/Think/Model.class.php 第 1128 行.
SQL: INSERT INTO `xy_prize` (`name`,`unit`,`chance`,`account`) VALUES ('红包','元','100','0') [ RunTime:0.0037s ]

[ 2016-03-03T11:03:34+08:00 ] 180.175.181.156 /index.php?g=Admin&m=public&a=dologin
INFO: [ app_begin ] --START--
INFO: Run Behavior\ReadHtmlCacheBehavior [ RunTime:0.000603s ]
INFO: Run Behavior\CheckLangBehavior [ RunTime:0.001082s ]
INFO: [ app_begin ] --END-- [ RunTime:0.002085s ]
SQL: SHOW COLUMNS FROM `xy_users` [ RunTime:0.0017s ]
SQL: SELECT * FROM `xy_users` WHERE `user_login` = 'admin' LIMIT 1   [ RunTime:0.0017s ]
SQL: SHOW COLUMNS FROM `xy_role_user` [ RunTime:0.0008s ]
SQL: SELECT `role_id` FROM xy_role_user a INNER JOIN xy_role as b on a.role_id =b.id  WHERE `user_id` = '1' AND `status` = 1  [ RunTime:0.0006s ]
SQL: UPDATE `xy_users` SET `user_login`='admin',`user_pass`='###74bf77b9cff885839a35ce3a641ad911',`user_nicename`='admin',`user_email`='phprince@163.com',`user_url`='',`avatar`=NULL,`sex`='0',`birthday`=NULL,`signature`=NULL,`last_login_ip`='180.175.181.156',`last_login_time`='2016-03-03 11:03:34',`create_time`='2016-03-02 02:11:19',`user_activation_key`='',`user_status`='1',`score`='0',`user_type`='1',`coin`='0',`mobile`='' WHERE `id` = '1' [ RunTime:0.0005s ]

[ 2016-03-03T11:03:56+08:00 ] 180.175.181.156 /index.php?g=Admin&m=Price&a=add_post
INFO: [ app_begin ] --START--
INFO: Run Behavior\ReadHtmlCacheBehavior [ RunTime:0.000572s ]
INFO: Run Behavior\CheckLangBehavior [ RunTime:0.001085s ]
INFO: [ app_begin ] --END-- [ RunTime:0.002075s ]
SQL: SHOW COLUMNS FROM `xy_users` [ RunTime:0.0012s ]
SQL: SELECT * FROM `xy_users` WHERE ( id=1 ) LIMIT 1   [ RunTime:0.0004s ]
SQL: SHOW COLUMNS FROM `xy_prize` [ RunTime:0.0007s ]
SQL: SHOW COLUMNS FROM `xy_url` [ RunTime:0.0007s ]
NOTIC: [8] Undefined index: validate /data/home/qxu1146580081/htdocs/simplewind/Core/Library/Think/Model.class.php 第 1185 行.
NOTIC: [8] Undefined index: auto /data/home/qxu1146580081/htdocs/simplewind/Core/Library/Think/Model.class.php 第 1128 行.
SQL: INSERT INTO `xy_prize` (`name`,`unit`,`chance`,`account`) VALUES ('红包','元','10','0.5') [ RunTime:0.0038s ]

[ 2016-03-03T11:58:10+08:00 ] 140.206.53.234 /index.php?g=Admin&m=public&a=dologin
INFO: [ app_begin ] --START--
INFO: Run Behavior\ReadHtmlCacheBehavior [ RunTime:0.000561s ]
INFO: Run Behavior\CheckLangBehavior [ RunTime:0.001032s ]
INFO: [ app_begin ] --END-- [ RunTime:0.001993s ]
SQL: SHOW COLUMNS FROM `xy_users` [ RunTime:0.0015s ]
SQL: SELECT * FROM `xy_users` WHERE `user_login` = 'admin' LIMIT 1   [ RunTime:0.0006s ]
SQL: SHOW COLUMNS FROM `xy_role_user` [ RunTime:0.0008s ]
SQL: SELECT `role_id` FROM xy_role_user a INNER JOIN xy_role as b on a.role_id =b.id  WHERE `user_id` = '1' AND `status` = 1  [ RunTime:0.0008s ]
SQL: UPDATE `xy_users` SET `user_login`='admin',`user_pass`='###74bf77b9cff885839a35ce3a641ad911',`user_nicename`='admin',`user_email`='phprince@163.com',`user_url`='',`avatar`=NULL,`sex`='0',`birthday`=NULL,`signature`=NULL,`last_login_ip`='140.206.53.234',`last_login_time`='2016-03-03 11:58:10',`create_time`='2016-03-02 02:11:19',`user_activation_key`='',`user_status`='1',`score`='0',`user_type`='1',`coin`='0',`mobile`='' WHERE `id` = '1' [ RunTime:0.0007s ]

[ 2016-03-03T12:01:23+08:00 ] 140.206.53.234 /index.php?g=Admin&m=Menu&a=index&menuid=100
NOTIC: D方法实例化没找到模型类Common\Model\AuthRuleModel

[ 2016-03-03T22:04:34+08:00 ] 101.44.193.224 /index.php?g=Admin&m=public&a=dologin
INFO: [ app_begin ] --START--
INFO: Run Behavior\ReadHtmlCacheBehavior [ RunTime:0.000683s ]
INFO: Run Behavior\CheckLangBehavior [ RunTime:0.001068s ]
INFO: [ app_begin ] --END-- [ RunTime:0.002235s ]
SQL: SHOW COLUMNS FROM `xy_users` [ RunTime:0.0017s ]
SQL: SELECT * FROM `xy_users` WHERE `user_login` = 'admin' LIMIT 1   [ RunTime:0.0006s ]
SQL: SHOW COLUMNS FROM `xy_role_user` [ RunTime:0.0008s ]
SQL: SELECT `role_id` FROM xy_role_user a INNER JOIN xy_role as b on a.role_id =b.id  WHERE `user_id` = '1' AND `status` = 1  [ RunTime:0.0006s ]
SQL: UPDATE `xy_users` SET `user_login`='admin',`user_pass`='###74bf77b9cff885839a35ce3a641ad911',`user_nicename`='admin',`user_email`='phprince@163.com',`user_url`='',`avatar`=NULL,`sex`='0',`birthday`=NULL,`signature`=NULL,`last_login_ip`='101.44.193.224',`last_login_time`='2016-03-03 22:04:33',`create_time`='2016-03-02 02:11:19',`user_activation_key`='',`user_status`='1',`score`='0',`user_type`='1',`coin`='0',`mobile`='' WHERE `id` = '1' [ RunTime:0.0007s ]

