[ 2016-03-04T12:00:56+08:00 ] 180.175.181.156 /index.php?g=Admin&m=public&a=dologin
INFO: [ app_begin ] --START--
INFO: Run Behavior\ReadHtmlCacheBehavior [ RunTime:0.000589s ]
INFO: Run Behavior\CheckLangBehavior [ RunTime:0.001086s ]
INFO: [ app_begin ] --END-- [ RunTime:0.002061s ]

[ 2016-03-04T12:01:03+08:00 ] 180.175.181.156 /index.php?g=Admin&m=public&a=dologin
INFO: [ app_begin ] --START--
INFO: Run Behavior\ReadHtmlCacheBehavior [ RunTime:0.000571s ]
INFO: Run Behavior\CheckLangBehavior [ RunTime:0.001003s ]
INFO: [ app_begin ] --END-- [ RunTime:0.001960s ]
SQL: SHOW COLUMNS FROM `xy_users` [ RunTime:0.0017s ]
SQL: SELECT * FROM `xy_users` WHERE `user_login` = 'admin' LIMIT 1   [ RunTime:0.0008s ]
SQL: SHOW COLUMNS FROM `xy_role_user` [ RunTime:0.0011s ]
SQL: SELECT `role_id` FROM xy_role_user a INNER JOIN xy_role as b on a.role_id =b.id  WHERE `user_id` = '1' AND `status` = 1  [ RunTime:0.0008s ]
SQL: UPDATE `xy_users` SET `user_login`='admin',`user_pass`='###74bf77b9cff885839a35ce3a641ad911',`user_nicename`='admin',`user_email`='phprince@163.com',`user_url`='',`avatar`=NULL,`sex`='0',`birthday`=NULL,`signature`=NULL,`last_login_ip`='180.175.181.156',`last_login_time`='2016-03-04 12:01:03',`create_time`='2016-03-02 02:11:19',`user_activation_key`='',`user_status`='1',`score`='0',`user_type`='1',`coin`='0',`mobile`='' WHERE `id` = '1' [ RunTime:0.0006s ]

[ 2016-03-04T13:11:28+08:00 ] 180.175.181.156 /index.php?g=Admin&m=public&a=dologin
INFO: [ app_begin ] --START--
INFO: Run Behavior\ReadHtmlCacheBehavior [ RunTime:0.000600s ]
INFO: Run Behavior\CheckLangBehavior [ RunTime:0.001030s ]
INFO: [ app_begin ] --END-- [ RunTime:0.002030s ]
SQL: SHOW COLUMNS FROM `xy_users` [ RunTime:0.0012s ]
SQL: SELECT * FROM `xy_users` WHERE `user_login` = 'admin' LIMIT 1   [ RunTime:0.0005s ]
SQL: SHOW COLUMNS FROM `xy_role_user` [ RunTime:0.0008s ]
SQL: SELECT `role_id` FROM xy_role_user a INNER JOIN xy_role as b on a.role_id =b.id  WHERE `user_id` = '1' AND `status` = 1  [ RunTime:0.0006s ]
SQL: UPDATE `xy_users` SET `user_login`='admin',`user_pass`='###74bf77b9cff885839a35ce3a641ad911',`user_nicename`='admin',`user_email`='phprince@163.com',`user_url`='',`avatar`=NULL,`sex`='0',`birthday`=NULL,`signature`=NULL,`last_login_ip`='180.175.181.156',`last_login_time`='2016-03-04 13:11:28',`create_time`='2016-03-02 02:11:19',`user_activation_key`='',`user_status`='1',`score`='0',`user_type`='1',`coin`='0',`mobile`='' WHERE `id` = '1' [ RunTime:0.0006s ]

[ 2016-03-04T13:12:58+08:00 ] 180.175.181.156 /index.php?g=Admin&m=public&a=dologin
INFO: [ app_begin ] --START--
INFO: Run Behavior\ReadHtmlCacheBehavior [ RunTime:0.000632s ]
INFO: Run Behavior\CheckLangBehavior [ RunTime:0.001036s ]
INFO: [ app_begin ] --END-- [ RunTime:0.002082s ]
SQL: SHOW COLUMNS FROM `xy_users` [ RunTime:0.0010s ]
SQL: SELECT * FROM `xy_users` WHERE `user_login` = 'admin' LIMIT 1   [ RunTime:0.0005s ]
SQL: SHOW COLUMNS FROM `xy_role_user` [ RunTime:0.0006s ]
SQL: SELECT `role_id` FROM xy_role_user a INNER JOIN xy_role as b on a.role_id =b.id  WHERE `user_id` = '1' AND `status` = 1  [ RunTime:0.0004s ]
SQL: UPDATE `xy_users` SET `user_login`='admin',`user_pass`='###74bf77b9cff885839a35ce3a641ad911',`user_nicename`='admin',`user_email`='phprince@163.com',`user_url`='',`avatar`=NULL,`sex`='0',`birthday`=NULL,`signature`=NULL,`last_login_ip`='180.175.181.156',`last_login_time`='2016-03-04 13:12:58',`create_time`='2016-03-02 02:11:19',`user_activation_key`='',`user_status`='1',`score`='0',`user_type`='1',`coin`='0',`mobile`='' WHERE `id` = '1' [ RunTime:0.0005s ]

